<?xml version="1.0" encoding="UTF-8"?>
<testsuite name="MethodInterception" tests="1" skipped="0" failures="0" errors="0" timestamp="2022-01-13T21:22:52" hostname="DESKTOP-0L5F16E" time="0.031">
  <properties/>
  <testcase name="annotationValue()" classname="MethodInterception" time="0.031"/>
  <system-out><![CDATA[]]></system-out>
  <system-err><![CDATA[]]></system-err>
</testsuite>
